<?xml version="1.0" encoding="UTF-8"?>
<testsuite name="Login Test"
           tests="7"
           failures="0"
           errors="0"
           skipped="0"
           time="408.265">
  <properties />
  
  
            <testcase name="verifyJobSearchResultUsingDifferentDataSet" time="69.069" classname="uk.co.library.testsuite.JobSearchTest" />
                <testcase name="verifyJobSearchResultUsingDifferentDataSet" time="63.288" classname="uk.co.library.testsuite.JobSearchTest" />
                <testcase name="verifyJobSearchResultUsingDifferentDataSet" time="50.442" classname="uk.co.library.testsuite.JobSearchTest" />
                <testcase name="verifyJobSearchResultUsingDifferentDataSet" time="69.095" classname="uk.co.library.testsuite.JobSearchTest" />
                <testcase name="verifyJobSearchResultUsingDifferentDataSet" time="53.544" classname="uk.co.library.testsuite.JobSearchTest" />
                <testcase name="verifyJobSearchResultUsingDifferentDataSet" time="51.606" classname="uk.co.library.testsuite.JobSearchTest" />
                <testcase name="verifyJobSearchResultUsingDifferentDataSet" time="51.221" classname="uk.co.library.testsuite.JobSearchTest" />
      
</testsuite>
